<?xml version="1.0" encoding="UTF-8"?>
<testsuite name="PasswordTest" tests="1" skipped="0" failures="0" errors="0" timestamp="2020-01-17T08:18:29" hostname="recruit" time="0.034">
  <properties/>
  <testcase name="print()" classname="PasswordTest" time="0.034"/>
  <system-out><![CDATA[]]></system-out>
  <system-err><![CDATA[]]></system-err>
</testsuite>
